<?xml version="1.0" encoding="UTF-8"?>
<!-- Generated by org.testng.reporters.JUnitXMLReporter -->
<testsuite hostname="Jayarees-MacBook-Pro.local" ignored="0" name="chrome" tests="12" failures="2" timestamp="17 Aug 2020 16:17:18 GMT" time="152.326" errors="0">
  <testcase name="i_am_a_new_user_and_choose_to_register" time="22.845" classname="Stepdef.Successful_Registration_from_FUN_with_Top_Up"/>
  <testcase name="i_enter_a_new_email_and_click_on_continue" time="9.398" classname="Stepdef.Successful_Registration_from_FUN_with_Top_Up"/>
  <testcase name="i_click_on_continue_on_marketing_preferences_page_without_opting" time="8.058" classname="Stepdef.Successful_Registration_from_FUN_with_Top_Up"/>
  <testcase name="i_click_on_change_My_preferences_on_missing_out_page" time="4.071" classname="Stepdef.Successful_Registration_from_FUN_with_Top_Up"/>
  <testcase name="i_opt_to_share_personal_data_and_offers_and_click_on_continue" time="12.152" classname="Stepdef.Successful_Registration_from_FUN_with_Top_Up"/>
  <testcase name="choose_Three_pounds_on_top_up_page_and_click_on_Add_Payment_details" time="4.054" classname="Stepdef.Successful_Registration_from_FUN_with_Top_Up"/>
  <testcase name="choose_card_on_payment_options_page" time="15.098" classname="Stepdef.Successful_Registration_from_FUN_with_Top_Up"/>
  <testcase name="enter_valid_card_details_and_billing_details_and_click_on_continue" time="27.982" classname="Stepdef.Successful_Registration_from_FUN_with_Top_Up"/>
  <testcase name="choose_auto_top_up_OFF_and_Auto_pay_On_and_click_on_confirm" time="28.062" classname="Stepdef.Successful_Registration_from_FUN_with_Top_Up"/>
  <testcase name="i_see_a_finish_notice" time="7.043" classname="Stepdef.Successful_Registration_from_FUN_with_Top_Up">
    <failure type="org.openqa.selenium.NoSuchFrameException" message="No frame element found by name or id iframe__popup_notices
Build info: version: &amp;apos;3.141.59&amp;apos;, revision: &amp;apos;e82be7d358&amp;apos;, time: &amp;apos;2018-11-14T08:17:03&amp;apos;
System info: host: &amp;apos;Jayarees-MacBook-Pro.local&amp;apos;, ip: &amp;apos;fe80:0:0:0:c38:2749:cf4b:aaa%en0&amp;apos;, os.name: &amp;apos;Mac OS X&amp;apos;, os.arch: &amp;apos;x86_64&amp;apos;, os.version: &amp;apos;10.15.5&amp;apos;, java.version: &amp;apos;1.8.0_191&amp;apos;
Driver info: driver.version: unknown">
      <![CDATA[org.openqa.selenium.NoSuchFrameException: No frame element found by name or id iframe__popup_notices
Build info: version: '3.141.59', revision: 'e82be7d358', time: '2018-11-14T08:17:03'
System info: host: 'Jayarees-MacBook-Pro.local', ip: 'fe80:0:0:0:c38:2749:cf4b:aaa%en0', os.name: 'Mac OS X', os.arch: 'x86_64', os.version: '10.15.5', java.version: '1.8.0_191'
Driver info: driver.version: unknown
at org.openqa.selenium.remote.RemoteWebDriver$RemoteTargetLocator.frame(RemoteWebDriver.java:885)
at Elements.Popbitch_Finish_Notice_elements.click_on_popbitch_finish_Notice_ok(Popbitch_Finish_Notice_elements.java:88)
at Stepdef.Successful_Registration_from_FUN_with_Top_Up.i_see_a_finish_notice(Successful_Registration_from_FUN_with_Top_Up.java:194)
... Removed 25 stack frames]]>
    </failure>
  </testcase> <!-- i_see_a_finish_notice -->
  <testcase name="three_pounds_in_the_wallet" time="6.226" classname="Stepdef.Successful_Registration_from_FUN_with_Top_Up">
    <failure type="java.lang.AssertionError" message="expected [3.00] but found [2.75]">
      <![CDATA[java.lang.AssertionError: expected [3.00] but found [2.75]
at Stepdef.Successful_Registration_from_FUN_with_Top_Up.three_pounds_in_the_wallet(Successful_Registration_from_FUN_with_Top_Up.java:208)
... Removed 31 stack frames]]>
    </failure>
  </testcase> <!-- three_pounds_in_the_wallet -->
  <testcase name="auto_top_up_off_shows_ADD_FUNDS_on_the_wallet" time="7.289" classname="Stepdef.Successful_Registration_from_FUN_with_Top_Up"/>
</testsuite> <!-- chrome -->
