<?xml version="1.0" encoding="UTF-8"?>
<testng-results skipped="0" failed="0" ignored="0" total="3" passed="3">
  <reporter-output>
  </reporter-output>
  <suite name=" Popbitch Chrome" duration-ms="200718" started-at="2020-08-24T13:36:01Z" finished-at="2020-08-24T13:39:21Z">
    <groups>
    </groups>
    <test name="chrome" duration-ms="200718" started-at="2020-08-24T13:36:01Z" finished-at="2020-08-24T13:39:21Z">
      <class name="Stepdef.Wallet_balance_free_point_on_publications">
        <test-method status="PASS" signature="i_am_a_new_user()[pri:26, instance:Stepdef.Wallet_balance_free_point_on_publications@71318ec4]" name="i_am_a_new_user" duration-ms="13791" started-at="2020-08-24T13:36:01Z" finished-at="2020-08-24T13:36:15Z">
          <reporter-output>
          </reporter-output>
        </test-method> <!-- i_am_a_new_user -->
        <test-method status="PASS" signature="i_reg_on_popbitch_and_navigate_to_grantham()[pri:27, instance:Stepdef.Wallet_balance_free_point_on_publications@71318ec4]" name="i_reg_on_popbitch_and_navigate_to_grantham" duration-ms="186726" started-at="2020-08-24T13:36:15Z" finished-at="2020-08-24T13:39:21Z">
          <reporter-output>
          </reporter-output>
        </test-method> <!-- i_reg_on_popbitch_and_navigate_to_grantham -->
        <test-method status="PASS" signature="wallet_balance_is_same_on_both_publications()[pri:28, instance:Stepdef.Wallet_balance_free_point_on_publications@71318ec4]" name="wallet_balance_is_same_on_both_publications" duration-ms="169" started-at="2020-08-24T13:39:21Z" finished-at="2020-08-24T13:39:21Z">
          <reporter-output>
          </reporter-output>
        </test-method> <!-- wallet_balance_is_same_on_both_publications -->
      </class> <!-- Stepdef.Wallet_balance_free_point_on_publications -->
    </test> <!-- chrome -->
  </suite> <!--  Popbitch Chrome -->
</testng-results>
