<?xml version="1.0" encoding="UTF-8"?>
<testng-results skipped="0" failed="2" ignored="0" total="12" passed="10">
  <reporter-output>
  </reporter-output>
  <suite name=" Popbitch Chrome" duration-ms="152326" started-at="2020-08-17T16:14:45Z" finished-at="2020-08-17T16:17:17Z">
    <groups>
    </groups>
    <test name="chrome" duration-ms="152326" started-at="2020-08-17T16:14:45Z" finished-at="2020-08-17T16:17:17Z">
      <class name="Stepdef.Successful_Registration_from_FUN_with_Top_Up">
        <test-method status="PASS" signature="i_am_a_new_user_and_choose_to_register()[pri:1, instance:Stepdef.Successful_Registration_from_FUN_with_Top_Up@6f1fba17]" name="i_am_a_new_user_and_choose_to_register" duration-ms="22845" started-at="2020-08-17T16:14:45Z" finished-at="2020-08-17T16:15:08Z">
          <reporter-output>
          </reporter-output>
        </test-method> <!-- i_am_a_new_user_and_choose_to_register -->
        <test-method status="PASS" signature="i_enter_a_new_email_and_click_on_continue()[pri:2, instance:Stepdef.Successful_Registration_from_FUN_with_Top_Up@6f1fba17]" name="i_enter_a_new_email_and_click_on_continue" duration-ms="9398" started-at="2020-08-17T16:15:08Z" finished-at="2020-08-17T16:15:17Z">
          <reporter-output>
          </reporter-output>
        </test-method> <!-- i_enter_a_new_email_and_click_on_continue -->
        <test-method status="PASS" signature="i_click_on_continue_on_marketing_preferences_page_without_opting()[pri:3, instance:Stepdef.Successful_Registration_from_FUN_with_Top_Up@6f1fba17]" name="i_click_on_continue_on_marketing_preferences_page_without_opting" duration-ms="8058" started-at="2020-08-17T16:15:17Z" finished-at="2020-08-17T16:15:25Z">
          <reporter-output>
          </reporter-output>
        </test-method> <!-- i_click_on_continue_on_marketing_preferences_page_without_opting -->
        <test-method status="PASS" signature="i_click_on_change_My_preferences_on_missing_out_page()[pri:4, instance:Stepdef.Successful_Registration_from_FUN_with_Top_Up@6f1fba17]" name="i_click_on_change_My_preferences_on_missing_out_page" duration-ms="4071" started-at="2020-08-17T16:15:25Z" finished-at="2020-08-17T16:15:29Z">
          <reporter-output>
          </reporter-output>
        </test-method> <!-- i_click_on_change_My_preferences_on_missing_out_page -->
        <test-method status="PASS" signature="i_opt_to_share_personal_data_and_offers_and_click_on_continue()[pri:5, instance:Stepdef.Successful_Registration_from_FUN_with_Top_Up@6f1fba17]" name="i_opt_to_share_personal_data_and_offers_and_click_on_continue" duration-ms="12152" started-at="2020-08-17T16:15:29Z" finished-at="2020-08-17T16:15:42Z">
          <reporter-output>
          </reporter-output>
        </test-method> <!-- i_opt_to_share_personal_data_and_offers_and_click_on_continue -->
        <test-method status="PASS" signature="choose_Three_pounds_on_top_up_page_and_click_on_Add_Payment_details()[pri:6, instance:Stepdef.Successful_Registration_from_FUN_with_Top_Up@6f1fba17]" name="choose_Three_pounds_on_top_up_page_and_click_on_Add_Payment_details" duration-ms="4054" started-at="2020-08-17T16:15:42Z" finished-at="2020-08-17T16:15:46Z">
          <reporter-output>
          </reporter-output>
        </test-method> <!-- choose_Three_pounds_on_top_up_page_and_click_on_Add_Payment_details -->
        <test-method status="PASS" signature="choose_card_on_payment_options_page()[pri:7, instance:Stepdef.Successful_Registration_from_FUN_with_Top_Up@6f1fba17]" name="choose_card_on_payment_options_page" duration-ms="15098" started-at="2020-08-17T16:15:46Z" finished-at="2020-08-17T16:16:01Z">
          <reporter-output>
          </reporter-output>
        </test-method> <!-- choose_card_on_payment_options_page -->
        <test-method status="PASS" signature="enter_valid_card_details_and_billing_details_and_click_on_continue()[pri:8, instance:Stepdef.Successful_Registration_from_FUN_with_Top_Up@6f1fba17]" name="enter_valid_card_details_and_billing_details_and_click_on_continue" duration-ms="27982" started-at="2020-08-17T16:16:01Z" finished-at="2020-08-17T16:16:29Z">
          <reporter-output>
          </reporter-output>
        </test-method> <!-- enter_valid_card_details_and_billing_details_and_click_on_continue -->
        <test-method status="PASS" signature="choose_auto_top_up_OFF_and_Auto_pay_On_and_click_on_confirm()[pri:9, instance:Stepdef.Successful_Registration_from_FUN_with_Top_Up@6f1fba17]" name="choose_auto_top_up_OFF_and_Auto_pay_On_and_click_on_confirm" duration-ms="28062" started-at="2020-08-17T16:16:29Z" finished-at="2020-08-17T16:16:57Z">
          <reporter-output>
          </reporter-output>
        </test-method> <!-- choose_auto_top_up_OFF_and_Auto_pay_On_and_click_on_confirm -->
        <test-method status="FAIL" signature="i_see_a_finish_notice()[pri:10, instance:Stepdef.Successful_Registration_from_FUN_with_Top_Up@6f1fba17]" name="i_see_a_finish_notice" duration-ms="7043" started-at="2020-08-17T16:16:57Z" finished-at="2020-08-17T16:17:04Z">
          <exception class="org.openqa.selenium.NoSuchFrameException">
            <message>
              <![CDATA[No frame element found by name or id iframe__popup_notices
Build info: version: '3.141.59', revision: 'e82be7d358', time: '2018-11-14T08:17:03'
System info: host: 'Jayarees-MacBook-Pro.local', ip: 'fe80:0:0:0:c38:2749:cf4b:aaa%en0', os.name: 'Mac OS X', os.arch: 'x86_64', os.version: '10.15.5', java.version: '1.8.0_191'
Driver info: driver.version: unknown]]>
            </message>
            <full-stacktrace>
              <![CDATA[org.openqa.selenium.NoSuchFrameException: No frame element found by name or id iframe__popup_notices
Build info: version: '3.141.59', revision: 'e82be7d358', time: '2018-11-14T08:17:03'
System info: host: 'Jayarees-MacBook-Pro.local', ip: 'fe80:0:0:0:c38:2749:cf4b:aaa%en0', os.name: 'Mac OS X', os.arch: 'x86_64', os.version: '10.15.5', java.version: '1.8.0_191'
Driver info: driver.version: unknown
at org.openqa.selenium.remote.RemoteWebDriver$RemoteTargetLocator.frame(RemoteWebDriver.java:885)
at Elements.Popbitch_Finish_Notice_elements.click_on_popbitch_finish_Notice_ok(Popbitch_Finish_Notice_elements.java:88)
at Stepdef.Successful_Registration_from_FUN_with_Top_Up.i_see_a_finish_notice(Successful_Registration_from_FUN_with_Top_Up.java:194)
at sun.reflect.NativeMethodAccessorImpl.invoke0(Native Method)
at sun.reflect.NativeMethodAccessorImpl.invoke(NativeMethodAccessorImpl.java:62)
at sun.reflect.DelegatingMethodAccessorImpl.invoke(DelegatingMethodAccessorImpl.java:43)
at java.lang.reflect.Method.invoke(Method.java:498)
at org.testng.internal.MethodInvocationHelper.invokeMethod(MethodInvocationHelper.java:124)
at org.testng.internal.Invoker.invokeMethod(Invoker.java:583)
at org.testng.internal.Invoker.invokeTestMethod(Invoker.java:719)
at org.testng.internal.Invoker.invokeTestMethods(Invoker.java:989)
at org.testng.internal.TestMethodWorker.invokeTestMethods(TestMethodWorker.java:125)
at org.testng.internal.TestMethodWorker.run(TestMethodWorker.java:109)
at org.testng.TestRunner.privateRun(TestRunner.java:648)
at org.testng.TestRunner.run(TestRunner.java:505)
at org.testng.SuiteRunner.runTest(SuiteRunner.java:455)
at org.testng.SuiteRunner.runSequentially(SuiteRunner.java:450)
at org.testng.SuiteRunner.privateRun(SuiteRunner.java:415)
at org.testng.SuiteRunner.run(SuiteRunner.java:364)
at org.testng.SuiteRunnerWorker.runSuite(SuiteRunnerWorker.java:52)
at org.testng.SuiteRunnerWorker.run(SuiteRunnerWorker.java:84)
at org.testng.TestNG.runSuitesSequentially(TestNG.java:1208)
at org.testng.TestNG.runSuitesLocally(TestNG.java:1137)
at org.testng.TestNG.runSuites(TestNG.java:1049)
at org.testng.TestNG.run(TestNG.java:1017)
at org.testng.remote.AbstractRemoteTestNG.run(AbstractRemoteTestNG.java:114)
at org.testng.remote.RemoteTestNG.initAndRun(RemoteTestNG.java:251)
at org.testng.remote.RemoteTestNG.main(RemoteTestNG.java:77)
]]>
            </full-stacktrace>
          </exception> <!-- org.openqa.selenium.NoSuchFrameException -->
          <reporter-output>
          </reporter-output>
        </test-method> <!-- i_see_a_finish_notice -->
        <test-method status="FAIL" signature="three_pounds_in_the_wallet()[pri:11, instance:Stepdef.Successful_Registration_from_FUN_with_Top_Up@6f1fba17]" name="three_pounds_in_the_wallet" duration-ms="6226" started-at="2020-08-17T16:17:04Z" finished-at="2020-08-17T16:17:10Z">
          <exception class="java.lang.AssertionError">
            <message>
              <![CDATA[expected [3.00] but found [2.75]]]>
            </message>
            <full-stacktrace>
              <![CDATA[java.lang.AssertionError: expected [3.00] but found [2.75]
at org.testng.Assert.fail(Assert.java:96)
at org.testng.Assert.failNotEquals(Assert.java:776)
at org.testng.Assert.assertEqualsImpl(Assert.java:137)
at org.testng.Assert.assertEquals(Assert.java:118)
at org.testng.Assert.assertEquals(Assert.java:453)
at org.testng.Assert.assertEquals(Assert.java:463)
at Stepdef.Successful_Registration_from_FUN_with_Top_Up.three_pounds_in_the_wallet(Successful_Registration_from_FUN_with_Top_Up.java:208)
at sun.reflect.NativeMethodAccessorImpl.invoke0(Native Method)
at sun.reflect.NativeMethodAccessorImpl.invoke(NativeMethodAccessorImpl.java:62)
at sun.reflect.DelegatingMethodAccessorImpl.invoke(DelegatingMethodAccessorImpl.java:43)
at java.lang.reflect.Method.invoke(Method.java:498)
at org.testng.internal.MethodInvocationHelper.invokeMethod(MethodInvocationHelper.java:124)
at org.testng.internal.Invoker.invokeMethod(Invoker.java:583)
at org.testng.internal.Invoker.invokeTestMethod(Invoker.java:719)
at org.testng.internal.Invoker.invokeTestMethods(Invoker.java:989)
at org.testng.internal.TestMethodWorker.invokeTestMethods(TestMethodWorker.java:125)
at org.testng.internal.TestMethodWorker.run(TestMethodWorker.java:109)
at org.testng.TestRunner.privateRun(TestRunner.java:648)
at org.testng.TestRunner.run(TestRunner.java:505)
at org.testng.SuiteRunner.runTest(SuiteRunner.java:455)
at org.testng.SuiteRunner.runSequentially(SuiteRunner.java:450)
at org.testng.SuiteRunner.privateRun(SuiteRunner.java:415)
at org.testng.SuiteRunner.run(SuiteRunner.java:364)
at org.testng.SuiteRunnerWorker.runSuite(SuiteRunnerWorker.java:52)
at org.testng.SuiteRunnerWorker.run(SuiteRunnerWorker.java:84)
at org.testng.TestNG.runSuitesSequentially(TestNG.java:1208)
at org.testng.TestNG.runSuitesLocally(TestNG.java:1137)
at org.testng.TestNG.runSuites(TestNG.java:1049)
at org.testng.TestNG.run(TestNG.java:1017)
at org.testng.remote.AbstractRemoteTestNG.run(AbstractRemoteTestNG.java:114)
at org.testng.remote.RemoteTestNG.initAndRun(RemoteTestNG.java:251)
at org.testng.remote.RemoteTestNG.main(RemoteTestNG.java:77)
]]>
            </full-stacktrace>
          </exception> <!-- java.lang.AssertionError -->
          <reporter-output>
          </reporter-output>
        </test-method> <!-- three_pounds_in_the_wallet -->
        <test-method status="PASS" signature="auto_top_up_off_shows_ADD_FUNDS_on_the_wallet()[pri:12, instance:Stepdef.Successful_Registration_from_FUN_with_Top_Up@6f1fba17]" name="auto_top_up_off_shows_ADD_FUNDS_on_the_wallet" duration-ms="7289" started-at="2020-08-17T16:17:10Z" finished-at="2020-08-17T16:17:17Z">
          <reporter-output>
          </reporter-output>
        </test-method> <!-- auto_top_up_off_shows_ADD_FUNDS_on_the_wallet -->
      </class> <!-- Stepdef.Successful_Registration_from_FUN_with_Top_Up -->
    </test> <!-- chrome -->
  </suite> <!--  Popbitch Chrome -->
</testng-results>
